2020-12-23 11:07:36.019 [main] INFO  c.example.zhw.springsource.SpringsourceApplication - Starting SpringsourceApplication on RD-INTERNET2 with PID 16652 (D:\zhangwei\github\springlearn\springsource\target\classes started by rd217 in D:\zhangwei\github\springlearn)
2020-12-23 11:07:36.067 [main] INFO  c.example.zhw.springsource.SpringsourceApplication - No active profile set, falling back to default profiles: default
2020-12-23 11:07:38.331 [main] INFO  o.s.boot.web.embedded.tomcat.TomcatWebServer - Tomcat initialized with port(s): 8080 (http)
2020-12-23 11:07:38.348 [main] INFO  org.apache.coyote.http11.Http11NioProtocol - Initializing ProtocolHandler ["http-nio-8080"]
2020-12-23 11:07:38.349 [main] INFO  org.apache.catalina.core.StandardService - Starting service [Tomcat]
2020-12-23 11:07:38.350 [main] INFO  org.apache.catalina.core.StandardEngine - Starting Servlet engine: [Apache Tomcat/9.0.33]
2020-12-23 11:07:38.779 [main] INFO  o.a.c.core.ContainerBase.[Tomcat].[localhost].[/] - Initializing Spring embedded WebApplicationContext
2020-12-23 11:07:38.780 [main] INFO  org.springframework.web.context.ContextLoader - Root WebApplicationContext: initialization completed in 2655 ms
2020-12-23 11:07:39.170 [main] INFO  o.s.scheduling.concurrent.ThreadPoolTaskExecutor - Initializing ExecutorService 'applicationTaskExecutor'
2020-12-23 11:07:39.414 [main] INFO  c.a.d.s.b.a.DruidDataSourceAutoConfigure - Init DruidDataSource
2020-12-23 11:07:39.481 [main] INFO  o.s.scheduling.concurrent.ThreadPoolTaskExecutor - Shutting down ExecutorService 'applicationTaskExecutor'
2020-12-23 11:07:39.485 [main] INFO  org.apache.catalina.core.StandardService - Stopping service [Tomcat]
2020-12-23 11:07:39.519 [main] INFO  o.s.b.a.l.ConditionEvaluationReportLoggingListener - 

Error starting ApplicationContext. To display the conditions report re-run your application with 'debug' enabled.
2020-12-23 11:08:37.568 [main] INFO  c.example.zhw.springsource.SpringsourceApplication - Starting SpringsourceApplication on RD-INTERNET2 with PID 3420 (D:\zhangwei\github\springlearn\springsource\target\classes started by rd217 in D:\zhangwei\github\springlearn)
2020-12-23 11:08:37.573 [main] INFO  c.example.zhw.springsource.SpringsourceApplication - No active profile set, falling back to default profiles: default
2020-12-23 11:08:39.297 [main] INFO  o.s.boot.web.embedded.tomcat.TomcatWebServer - Tomcat initialized with port(s): 8080 (http)
2020-12-23 11:08:39.310 [main] INFO  org.apache.coyote.http11.Http11NioProtocol - Initializing ProtocolHandler ["http-nio-8080"]
2020-12-23 11:08:39.311 [main] INFO  org.apache.catalina.core.StandardService - Starting service [Tomcat]
2020-12-23 11:08:39.312 [main] INFO  org.apache.catalina.core.StandardEngine - Starting Servlet engine: [Apache Tomcat/9.0.33]
2020-12-23 11:08:39.447 [main] INFO  o.a.c.core.ContainerBase.[Tomcat].[localhost].[/] - Initializing Spring embedded WebApplicationContext
2020-12-23 11:08:39.447 [main] INFO  org.springframework.web.context.ContextLoader - Root WebApplicationContext: initialization completed in 1671 ms
2020-12-23 11:08:39.735 [main] INFO  o.s.scheduling.concurrent.ThreadPoolTaskExecutor - Initializing ExecutorService 'applicationTaskExecutor'
2020-12-23 11:08:39.954 [main] INFO  c.a.d.s.b.a.DruidDataSourceAutoConfigure - Init DruidDataSource
2020-12-23 11:08:40.023 [main] INFO  o.s.scheduling.concurrent.ThreadPoolTaskExecutor - Shutting down ExecutorService 'applicationTaskExecutor'
2020-12-23 11:08:40.028 [main] INFO  org.apache.catalina.core.StandardService - Stopping service [Tomcat]
2020-12-23 11:08:40.054 [main] INFO  o.s.b.a.l.ConditionEvaluationReportLoggingListener - 

Error starting ApplicationContext. To display the conditions report re-run your application with 'debug' enabled.
2020-12-23 11:09:56.775 [main] INFO  c.example.zhw.springsource.SpringsourceApplication - Starting SpringsourceApplication on RD-INTERNET2 with PID 28428 (D:\zhangwei\github\springlearn\springsource\target\classes started by rd217 in D:\zhangwei\github\springlearn)
2020-12-23 11:09:56.780 [main] INFO  c.example.zhw.springsource.SpringsourceApplication - No active profile set, falling back to default profiles: default
2020-12-23 11:09:58.324 [main] INFO  o.s.boot.web.embedded.tomcat.TomcatWebServer - Tomcat initialized with port(s): 8080 (http)
2020-12-23 11:09:58.339 [main] INFO  org.apache.coyote.http11.Http11NioProtocol - Initializing ProtocolHandler ["http-nio-8080"]
2020-12-23 11:09:58.340 [main] INFO  org.apache.catalina.core.StandardService - Starting service [Tomcat]
2020-12-23 11:09:58.340 [main] INFO  org.apache.catalina.core.StandardEngine - Starting Servlet engine: [Apache Tomcat/9.0.33]
2020-12-23 11:09:58.476 [main] INFO  o.a.c.core.ContainerBase.[Tomcat].[localhost].[/] - Initializing Spring embedded WebApplicationContext
2020-12-23 11:09:58.477 [main] INFO  org.springframework.web.context.ContextLoader - Root WebApplicationContext: initialization completed in 1577 ms
2020-12-23 11:09:58.753 [main] INFO  o.s.scheduling.concurrent.ThreadPoolTaskExecutor - Initializing ExecutorService 'applicationTaskExecutor'
2020-12-23 11:09:58.961 [main] INFO  c.a.d.s.b.a.DruidDataSourceAutoConfigure - Init DruidDataSource
2020-12-23 11:09:59.032 [main] INFO  o.s.scheduling.concurrent.ThreadPoolTaskExecutor - Shutting down ExecutorService 'applicationTaskExecutor'
2020-12-23 11:09:59.036 [main] INFO  org.apache.catalina.core.StandardService - Stopping service [Tomcat]
2020-12-23 11:09:59.062 [main] INFO  o.s.b.a.l.ConditionEvaluationReportLoggingListener - 

Error starting ApplicationContext. To display the conditions report re-run your application with 'debug' enabled.
2020-12-23 11:11:20.016 [main] INFO  c.example.zhw.springsource.SpringsourceApplication - Starting SpringsourceApplication on RD-INTERNET2 with PID 6276 (D:\zhangwei\github\springlearn\springsource\target\classes started by rd217 in D:\zhangwei\github\springlearn)
2020-12-23 11:11:20.021 [main] INFO  c.example.zhw.springsource.SpringsourceApplication - No active profile set, falling back to default profiles: default
2020-12-23 11:11:21.809 [main] INFO  o.s.boot.web.embedded.tomcat.TomcatWebServer - Tomcat initialized with port(s): 8080 (http)
2020-12-23 11:11:21.930 [main] INFO  org.apache.coyote.http11.Http11NioProtocol - Initializing ProtocolHandler ["http-nio-8080"]
2020-12-23 11:11:21.931 [main] INFO  org.apache.catalina.core.StandardService - Starting service [Tomcat]
2020-12-23 11:11:21.931 [main] INFO  org.apache.catalina.core.StandardEngine - Starting Servlet engine: [Apache Tomcat/9.0.33]
2020-12-23 11:11:22.067 [main] INFO  o.a.c.core.ContainerBase.[Tomcat].[localhost].[/] - Initializing Spring embedded WebApplicationContext
2020-12-23 11:11:22.068 [main] INFO  org.springframework.web.context.ContextLoader - Root WebApplicationContext: initialization completed in 1949 ms
2020-12-23 11:11:22.449 [main] INFO  o.s.scheduling.concurrent.ThreadPoolTaskExecutor - Initializing ExecutorService 'applicationTaskExecutor'
2020-12-23 11:11:22.919 [main] INFO  c.a.d.s.b.a.DruidDataSourceAutoConfigure - Init DruidDataSource
2020-12-23 11:11:22.991 [main] INFO  o.s.scheduling.concurrent.ThreadPoolTaskExecutor - Shutting down ExecutorService 'applicationTaskExecutor'
2020-12-23 11:11:22.995 [main] INFO  org.apache.catalina.core.StandardService - Stopping service [Tomcat]
2020-12-23 11:11:23.025 [main] INFO  o.s.b.a.l.ConditionEvaluationReportLoggingListener - 

Error starting ApplicationContext. To display the conditions report re-run your application with 'debug' enabled.
2020-12-23 11:12:06.138 [main] INFO  c.example.zhw.springsource.SpringsourceApplication - Starting SpringsourceApplication on RD-INTERNET2 with PID 18364 (D:\zhangwei\github\springlearn\springsource\target\classes started by rd217 in D:\zhangwei\github\springlearn)
2020-12-23 11:12:06.143 [main] INFO  c.example.zhw.springsource.SpringsourceApplication - No active profile set, falling back to default profiles: default
2020-12-23 11:12:07.790 [main] INFO  o.s.boot.web.embedded.tomcat.TomcatWebServer - Tomcat initialized with port(s): 8080 (http)
2020-12-23 11:12:07.803 [main] INFO  org.apache.coyote.http11.Http11NioProtocol - Initializing ProtocolHandler ["http-nio-8080"]
2020-12-23 11:12:07.804 [main] INFO  org.apache.catalina.core.StandardService - Starting service [Tomcat]
2020-12-23 11:12:07.805 [main] INFO  org.apache.catalina.core.StandardEngine - Starting Servlet engine: [Apache Tomcat/9.0.33]
2020-12-23 11:12:07.931 [main] INFO  o.a.c.core.ContainerBase.[Tomcat].[localhost].[/] - Initializing Spring embedded WebApplicationContext
2020-12-23 11:12:07.932 [main] INFO  org.springframework.web.context.ContextLoader - Root WebApplicationContext: initialization completed in 1571 ms
2020-12-23 11:12:08.201 [main] INFO  o.s.scheduling.concurrent.ThreadPoolTaskExecutor - Initializing ExecutorService 'applicationTaskExecutor'
2020-12-23 11:12:08.404 [main] INFO  c.a.d.s.b.a.DruidDataSourceAutoConfigure - Init DruidDataSource
2020-12-23 11:12:08.473 [main] INFO  o.s.scheduling.concurrent.ThreadPoolTaskExecutor - Shutting down ExecutorService 'applicationTaskExecutor'
2020-12-23 11:12:08.477 [main] INFO  org.apache.catalina.core.StandardService - Stopping service [Tomcat]
2020-12-23 11:12:08.504 [main] INFO  o.s.b.a.l.ConditionEvaluationReportLoggingListener - 

Error starting ApplicationContext. To display the conditions report re-run your application with 'debug' enabled.
2020-12-23 11:21:18.955 [main] INFO  com.example.zhw.SpringMytatisApplication - Starting SpringMytatisApplication on RD-INTERNET2 with PID 14120 (D:\zhangwei\github\springlearn\spring-mytatis\target\classes started by rd217 in D:\zhangwei\github\springlearn)
2020-12-23 11:21:18.960 [main] INFO  com.example.zhw.SpringMytatisApplication - The following profiles are active: dev,common
2020-12-23 11:21:20.322 [main] INFO  o.s.d.r.config.RepositoryConfigurationDelegate - Multiple Spring Data modules found, entering strict repository configuration mode!
2020-12-23 11:21:20.326 [main] INFO  o.s.d.r.config.RepositoryConfigurationDelegate - Bootstrapping Spring Data Redis repositories in DEFAULT mode.
2020-12-23 11:21:20.391 [main] INFO  o.s.d.r.config.RepositoryConfigurationDelegate - Finished Spring Data repository scanning in 15ms. Found 0 Redis repository interfaces.
2020-12-23 11:21:21.048 [main] INFO  o.s.c.s.PostProcessorRegistrationDelegate$BeanPostProcessorChecker - Bean 'org.springframework.ws.config.annotation.DelegatingWsConfiguration' of type [org.springframework.ws.config.annotation.DelegatingWsConfiguration$$EnhancerBySpringCGLIB$$115c4fc] is not eligible for getting processed by all BeanPostProcessors (for example: not eligible for auto-proxying)
2020-12-23 11:21:21.102 [main] INFO  o.s.w.s.a.server.AnnotationActionEndpointMapping - Supporting [WS-Addressing August 2004, WS-Addressing 1.0]
2020-12-23 11:21:21.129 [main] INFO  o.s.c.s.PostProcessorRegistrationDelegate$BeanPostProcessorChecker - Bean 'redisConfig' of type [com.example.zhw.config.RedisConfig$$EnhancerBySpringCGLIB$$2f3a6b29] is not eligible for getting processed by all BeanPostProcessors (for example: not eligible for auto-proxying)
2020-12-23 11:21:21.911 [main] INFO  o.s.boot.web.embedded.tomcat.TomcatWebServer - Tomcat initialized with port(s): 8080 (http)
2020-12-23 11:21:21.928 [main] INFO  org.apache.coyote.http11.Http11NioProtocol - Initializing ProtocolHandler ["http-nio-8080"]
2020-12-23 11:21:21.929 [main] INFO  org.apache.catalina.core.StandardService - Starting service [Tomcat]
2020-12-23 11:21:21.929 [main] INFO  org.apache.catalina.core.StandardEngine - Starting Servlet engine: [Apache Tomcat/9.0.33]
2020-12-23 11:21:22.074 [main] INFO  o.a.c.core.ContainerBase.[Tomcat].[localhost].[/] - Initializing Spring embedded WebApplicationContext
2020-12-23 11:21:22.075 [main] INFO  org.springframework.web.context.ContextLoader - Root WebApplicationContext: initialization completed in 3059 ms
2020-12-23 11:21:22.345 [main] INFO  o.s.boot.web.servlet.RegistrationBean - Servlet statViewServlet was not registered (possibly already registered?)
2020-12-23 11:21:22.351 [main] INFO  o.s.boot.web.servlet.RegistrationBean - Filter webStatFilter was not registered (possibly already registered?)
2020-12-23 11:21:24.671 [main] INFO  com.alibaba.druid.pool.DruidDataSource - {dataSource-1,zhw} inited
2020-12-23 11:21:25.896 [main] INFO  s.d.s.w.PropertySourcedRequestMappingHandlerMapping - Mapped URL path [/v2/api-docs] onto method [springfox.documentation.swagger2.web.Swagger2Controller#getDocumentation(String, HttpServletRequest)]
2020-12-23 11:21:26.128 [main] INFO  o.a.c.w.s.factory.ReflectionServiceFactoryBean - Creating Service {http://webservice.business.mixpay.com}WebServiceDemoService from class com.example.zhw.webservice.WebServiceDemoService
2020-12-23 11:21:26.898 [main] INFO  org.apache.cxf.endpoint.ServerImpl - Setting the server's publish address to be /webservice
2020-12-23 11:21:27.050 [main] INFO  o.s.scheduling.concurrent.ThreadPoolTaskExecutor - Initializing ExecutorService 'applicationTaskExecutor'
2020-12-23 11:21:27.502 [main] INFO  s.d.s.web.plugins.DocumentationPluginsBootstrapper - Context refreshed
2020-12-23 11:21:27.528 [main] INFO  s.d.s.web.plugins.DocumentationPluginsBootstrapper - Found 1 custom documentation plugin(s)
2020-12-23 11:21:27.578 [main] INFO  s.d.spring.web.scanners.ApiListingReferenceScanner - Scanning for api listing references
2020-12-23 11:21:27.705 [main] INFO  s.d.s.w.r.operation.CachingOperationNameGenerator - Generating unique operation named: helloUsingGET_1
2020-12-23 11:21:27.789 [main] INFO  org.apache.coyote.http11.Http11NioProtocol - Starting ProtocolHandler ["http-nio-8080"]
2020-12-23 11:21:27.824 [main] INFO  o.s.boot.web.embedded.tomcat.TomcatWebServer - Tomcat started on port(s): 8080 (http) with context path ''
2020-12-23 11:21:27.828 [main] INFO  com.example.zhw.SpringMytatisApplication - Started SpringMytatisApplication in 10.117 seconds (JVM running for 10.768)
2020-12-23 11:21:28.159 [http-nio-8080-exec-1] INFO  o.a.c.core.ContainerBase.[Tomcat].[localhost].[/] - Initializing Spring DispatcherServlet 'dispatcherServlet'
2020-12-23 11:21:28.159 [http-nio-8080-exec-1] INFO  org.springframework.web.servlet.DispatcherServlet - Initializing Servlet 'dispatcherServlet'
2020-12-23 11:21:28.168 [http-nio-8080-exec-1] INFO  org.springframework.web.servlet.DispatcherServlet - Completed initialization in 8 ms
