2021-01-08 11:58:12.708 [main] INFO  com.example.zhw.SpringMytatisApplication - Starting SpringMytatisApplication on RD-INTERNET2 with PID 32296 (D:\zhangwei\github\springlearn\spring-mytatis\target\classes started by rd217 in D:\zhangwei\github\springlearn)
2021-01-08 11:58:12.759 [main] INFO  com.example.zhw.SpringMytatisApplication - The following profiles are active: dev
2021-01-08 11:58:15.661 [main] INFO  o.s.d.r.config.RepositoryConfigurationDelegate - Multiple Spring Data modules found, entering strict repository configuration mode!
2021-01-08 11:58:15.665 [main] INFO  o.s.d.r.config.RepositoryConfigurationDelegate - Bootstrapping Spring Data Redis repositories in DEFAULT mode.
2021-01-08 11:58:15.721 [main] INFO  o.s.d.r.config.RepositoryConfigurationDelegate - Finished Spring Data repository scanning in 22ms. Found 0 Redis repository interfaces.
2021-01-08 11:58:16.817 [main] INFO  o.s.c.s.PostProcessorRegistrationDelegate$BeanPostProcessorChecker - Bean 'org.springframework.ws.config.annotation.DelegatingWsConfiguration' of type [org.springframework.ws.config.annotation.DelegatingWsConfiguration$$EnhancerBySpringCGLIB$$4cfdd0e9] is not eligible for getting processed by all BeanPostProcessors (for example: not eligible for auto-proxying)
2021-01-08 11:58:17.445 [main] INFO  o.s.w.s.a.server.AnnotationActionEndpointMapping - Supporting [WS-Addressing August 2004, WS-Addressing 1.0]
2021-01-08 11:58:17.468 [main] INFO  o.s.c.s.PostProcessorRegistrationDelegate$BeanPostProcessorChecker - Bean 'redisConfig' of type [com.example.zhw.config.RedisConfig$$EnhancerBySpringCGLIB$$7b227716] is not eligible for getting processed by all BeanPostProcessors (for example: not eligible for auto-proxying)
2021-01-08 11:58:18.309 [main] INFO  o.s.boot.web.embedded.tomcat.TomcatWebServer - Tomcat initialized with port(s): 8080 (http)
2021-01-08 11:58:18.469 [main] INFO  org.apache.coyote.http11.Http11NioProtocol - Initializing ProtocolHandler ["http-nio-8080"]
2021-01-08 11:58:18.470 [main] INFO  org.apache.catalina.core.StandardService - Starting service [Tomcat]
2021-01-08 11:58:18.470 [main] INFO  org.apache.catalina.core.StandardEngine - Starting Servlet engine: [Apache Tomcat/9.0.33]
2021-01-08 11:58:18.712 [main] INFO  o.a.c.core.ContainerBase.[Tomcat].[localhost].[/] - Initializing Spring embedded WebApplicationContext
2021-01-08 11:58:18.712 [main] INFO  org.springframework.web.context.ContextLoader - Root WebApplicationContext: initialization completed in 5712 ms
2021-01-08 11:58:19.515 [main] INFO  o.s.boot.web.servlet.RegistrationBean - Servlet statViewServlet was not registered (possibly already registered?)
2021-01-08 11:58:19.525 [main] INFO  o.s.boot.web.servlet.RegistrationBean - Filter webStatFilter was not registered (possibly already registered?)
2021-01-08 11:58:21.187 [main] INFO  com.alibaba.druid.pool.DruidDataSource - {dataSource-1,zhw} inited
2021-01-08 11:58:23.610 [main] INFO  s.d.s.w.PropertySourcedRequestMappingHandlerMapping - Mapped URL path [/v2/api-docs] onto method [springfox.documentation.swagger2.web.Swagger2Controller#getDocumentation(String, HttpServletRequest)]
2021-01-08 11:58:24.009 [main] INFO  o.a.c.w.s.factory.ReflectionServiceFactoryBean - Creating Service {http://webservice.business.mixpay.com}WebServiceDemoService from class com.example.zhw.webservice.WebServiceDemoService
2021-01-08 11:58:25.023 [main] INFO  org.apache.cxf.endpoint.ServerImpl - Setting the server's publish address to be /webservice
2021-01-08 11:58:25.501 [main] INFO  o.s.scheduling.concurrent.ThreadPoolTaskExecutor - Initializing ExecutorService 'applicationTaskExecutor'
2021-01-08 11:58:26.663 [main] INFO  s.d.s.web.plugins.DocumentationPluginsBootstrapper - Context refreshed
2021-01-08 11:58:26.720 [main] INFO  s.d.s.web.plugins.DocumentationPluginsBootstrapper - Found 1 custom documentation plugin(s)
2021-01-08 11:58:26.821 [main] INFO  s.d.spring.web.scanners.ApiListingReferenceScanner - Scanning for api listing references
2021-01-08 11:58:27.408 [main] INFO  s.d.s.w.r.operation.CachingOperationNameGenerator - Generating unique operation named: helloUsingGET_1
2021-01-08 11:58:27.537 [main] INFO  org.apache.coyote.http11.Http11NioProtocol - Starting ProtocolHandler ["http-nio-8080"]
2021-01-08 11:58:27.579 [main] INFO  o.s.boot.web.embedded.tomcat.TomcatWebServer - Tomcat started on port(s): 8080 (http) with context path ''
2021-01-08 11:58:27.584 [main] INFO  com.example.zhw.SpringMytatisApplication - Started SpringMytatisApplication in 16.501 seconds (JVM running for 19.66)
2021-01-08 11:58:28.617 [http-nio-8080-exec-1] INFO  o.a.c.core.ContainerBase.[Tomcat].[localhost].[/] - Initializing Spring DispatcherServlet 'dispatcherServlet'
2021-01-08 11:58:28.617 [http-nio-8080-exec-1] INFO  org.springframework.web.servlet.DispatcherServlet - Initializing Servlet 'dispatcherServlet'
2021-01-08 11:58:28.772 [http-nio-8080-exec-1] INFO  org.springframework.web.servlet.DispatcherServlet - Completed initialization in 155 ms
2021-01-08 13:54:07.716 [SpringContextShutdownHook] INFO  o.s.scheduling.concurrent.ThreadPoolTaskExecutor - Shutting down ExecutorService 'applicationTaskExecutor'
2021-01-08 13:54:07.806 [SpringContextShutdownHook] INFO  com.alibaba.druid.pool.DruidDataSource - {dataSource-1} closed
2021-01-08 13:57:41.208 [main] INFO  com.example.zhw.SpringMytatisApplication - Starting SpringMytatisApplication on RD-INTERNET2 with PID 6808 (D:\zhangwei\github\springlearn\spring-mytatis\target\classes started by rd217 in D:\zhangwei\github\springlearn)
2021-01-08 13:57:41.213 [main] INFO  com.example.zhw.SpringMytatisApplication - The following profiles are active: dev
2021-01-08 13:57:42.736 [main] INFO  o.s.d.r.config.RepositoryConfigurationDelegate - Multiple Spring Data modules found, entering strict repository configuration mode!
2021-01-08 13:57:42.740 [main] INFO  o.s.d.r.config.RepositoryConfigurationDelegate - Bootstrapping Spring Data Redis repositories in DEFAULT mode.
2021-01-08 13:57:42.777 [main] INFO  o.s.d.r.config.RepositoryConfigurationDelegate - Finished Spring Data repository scanning in 15ms. Found 0 Redis repository interfaces.
2021-01-08 13:57:43.351 [main] INFO  o.s.c.s.PostProcessorRegistrationDelegate$BeanPostProcessorChecker - Bean 'org.springframework.ws.config.annotation.DelegatingWsConfiguration' of type [org.springframework.ws.config.annotation.DelegatingWsConfiguration$$EnhancerBySpringCGLIB$$c89952fb] is not eligible for getting processed by all BeanPostProcessors (for example: not eligible for auto-proxying)
2021-01-08 13:57:43.400 [main] INFO  o.s.w.s.a.server.AnnotationActionEndpointMapping - Supporting [WS-Addressing August 2004, WS-Addressing 1.0]
2021-01-08 13:57:43.426 [main] INFO  o.s.c.s.PostProcessorRegistrationDelegate$BeanPostProcessorChecker - Bean 'redisConfig' of type [com.example.zhw.config.RedisConfig$$EnhancerBySpringCGLIB$$f6bdf928] is not eligible for getting processed by all BeanPostProcessors (for example: not eligible for auto-proxying)
2021-01-08 13:57:43.886 [main] INFO  o.s.boot.web.embedded.tomcat.TomcatWebServer - Tomcat initialized with port(s): 8080 (http)
2021-01-08 13:57:44.028 [main] INFO  org.apache.coyote.http11.Http11NioProtocol - Initializing ProtocolHandler ["http-nio-8080"]
2021-01-08 13:57:44.029 [main] INFO  org.apache.catalina.core.StandardService - Starting service [Tomcat]
2021-01-08 13:57:44.029 [main] INFO  org.apache.catalina.core.StandardEngine - Starting Servlet engine: [Apache Tomcat/9.0.33]
2021-01-08 13:57:44.170 [main] INFO  o.a.c.core.ContainerBase.[Tomcat].[localhost].[/] - Initializing Spring embedded WebApplicationContext
2021-01-08 13:57:44.171 [main] INFO  org.springframework.web.context.ContextLoader - Root WebApplicationContext: initialization completed in 2746 ms
2021-01-08 13:57:44.412 [main] INFO  o.s.boot.web.servlet.RegistrationBean - Servlet statViewServlet was not registered (possibly already registered?)
2021-01-08 13:57:44.417 [main] INFO  o.s.boot.web.servlet.RegistrationBean - Filter webStatFilter was not registered (possibly already registered?)
2021-01-08 13:57:45.610 [main] INFO  com.alibaba.druid.pool.DruidDataSource - {dataSource-1,zhw} inited
2021-01-08 13:57:46.727 [main] INFO  s.d.s.w.PropertySourcedRequestMappingHandlerMapping - Mapped URL path [/v2/api-docs] onto method [springfox.documentation.swagger2.web.Swagger2Controller#getDocumentation(String, HttpServletRequest)]
2021-01-08 13:57:46.863 [main] INFO  o.a.c.w.s.factory.ReflectionServiceFactoryBean - Creating Service {http://webservice.business.mixpay.com}WebServiceDemoService from class com.example.zhw.webservice.WebServiceDemoService
2021-01-08 13:57:47.530 [main] INFO  org.apache.cxf.endpoint.ServerImpl - Setting the server's publish address to be /webservice
2021-01-08 13:57:47.727 [main] INFO  o.s.scheduling.concurrent.ThreadPoolTaskExecutor - Initializing ExecutorService 'applicationTaskExecutor'
2021-01-08 13:57:48.307 [main] INFO  s.d.s.web.plugins.DocumentationPluginsBootstrapper - Context refreshed
2021-01-08 13:57:48.328 [main] INFO  s.d.s.web.plugins.DocumentationPluginsBootstrapper - Found 1 custom documentation plugin(s)
2021-01-08 13:57:48.392 [main] INFO  s.d.spring.web.scanners.ApiListingReferenceScanner - Scanning for api listing references
2021-01-08 13:57:48.522 [main] INFO  s.d.s.w.r.operation.CachingOperationNameGenerator - Generating unique operation named: helloUsingGET_1
2021-01-08 13:57:48.599 [main] INFO  org.apache.coyote.http11.Http11NioProtocol - Starting ProtocolHandler ["http-nio-8080"]
2021-01-08 13:57:48.637 [main] INFO  o.s.boot.web.embedded.tomcat.TomcatWebServer - Tomcat started on port(s): 8080 (http) with context path ''
2021-01-08 13:57:48.642 [main] INFO  com.example.zhw.SpringMytatisApplication - Started SpringMytatisApplication in 8.442 seconds (JVM running for 9.541)
2021-01-08 13:57:48.943 [http-nio-8080-exec-1] INFO  o.a.c.core.ContainerBase.[Tomcat].[localhost].[/] - Initializing Spring DispatcherServlet 'dispatcherServlet'
2021-01-08 13:57:48.944 [http-nio-8080-exec-1] INFO  org.springframework.web.servlet.DispatcherServlet - Initializing Servlet 'dispatcherServlet'
2021-01-08 13:57:48.953 [http-nio-8080-exec-1] INFO  org.springframework.web.servlet.DispatcherServlet - Completed initialization in 9 ms
2021-01-08 14:02:50.993 [SpringContextShutdownHook] INFO  o.s.scheduling.concurrent.ThreadPoolTaskExecutor - Shutting down ExecutorService 'applicationTaskExecutor'
2021-01-08 14:02:51.025 [SpringContextShutdownHook] INFO  com.alibaba.druid.pool.DruidDataSource - {dataSource-1} closed
2021-01-08 14:02:59.587 [main] INFO  com.example.zhw.SpringMytatisApplication - Starting SpringMytatisApplication on RD-INTERNET2 with PID 12292 (D:\zhangwei\github\springlearn\spring-mytatis\target\classes started by rd217 in D:\zhangwei\github\springlearn)
2021-01-08 14:02:59.591 [main] INFO  com.example.zhw.SpringMytatisApplication - The following profiles are active: dev
2021-01-08 14:03:00.874 [main] INFO  o.s.d.r.config.RepositoryConfigurationDelegate - Multiple Spring Data modules found, entering strict repository configuration mode!
2021-01-08 14:03:00.878 [main] INFO  o.s.d.r.config.RepositoryConfigurationDelegate - Bootstrapping Spring Data Redis repositories in DEFAULT mode.
2021-01-08 14:03:00.913 [main] INFO  o.s.d.r.config.RepositoryConfigurationDelegate - Finished Spring Data repository scanning in 13ms. Found 0 Redis repository interfaces.
2021-01-08 14:03:01.386 [main] INFO  o.s.c.s.PostProcessorRegistrationDelegate$BeanPostProcessorChecker - Bean 'org.springframework.ws.config.annotation.DelegatingWsConfiguration' of type [org.springframework.ws.config.annotation.DelegatingWsConfiguration$$EnhancerBySpringCGLIB$$9684c61] is not eligible for getting processed by all BeanPostProcessors (for example: not eligible for auto-proxying)
2021-01-08 14:03:01.436 [main] INFO  o.s.w.s.a.server.AnnotationActionEndpointMapping - Supporting [WS-Addressing August 2004, WS-Addressing 1.0]
2021-01-08 14:03:01.458 [main] INFO  o.s.c.s.PostProcessorRegistrationDelegate$BeanPostProcessorChecker - Bean 'redisConfig' of type [com.example.zhw.config.RedisConfig$$EnhancerBySpringCGLIB$$378cf28e] is not eligible for getting processed by all BeanPostProcessors (for example: not eligible for auto-proxying)
2021-01-08 14:03:01.975 [main] INFO  o.s.boot.web.embedded.tomcat.TomcatWebServer - Tomcat initialized with port(s): 8080 (http)
2021-01-08 14:03:01.988 [main] INFO  org.apache.coyote.http11.Http11NioProtocol - Initializing ProtocolHandler ["http-nio-8080"]
2021-01-08 14:03:01.989 [main] INFO  org.apache.catalina.core.StandardService - Starting service [Tomcat]
2021-01-08 14:03:01.989 [main] INFO  org.apache.catalina.core.StandardEngine - Starting Servlet engine: [Apache Tomcat/9.0.33]
2021-01-08 14:03:02.119 [main] INFO  o.a.c.core.ContainerBase.[Tomcat].[localhost].[/] - Initializing Spring embedded WebApplicationContext
2021-01-08 14:03:02.119 [main] INFO  org.springframework.web.context.ContextLoader - Root WebApplicationContext: initialization completed in 2473 ms
2021-01-08 14:03:02.273 [main] INFO  o.s.boot.web.servlet.RegistrationBean - Servlet statViewServlet was not registered (possibly already registered?)
2021-01-08 14:03:02.278 [main] INFO  o.s.boot.web.servlet.RegistrationBean - Filter webStatFilter was not registered (possibly already registered?)
2021-01-08 14:03:03.394 [main] INFO  com.alibaba.druid.pool.DruidDataSource - {dataSource-1,zhw} inited
2021-01-08 14:03:04.346 [main] INFO  s.d.s.w.PropertySourcedRequestMappingHandlerMapping - Mapped URL path [/v2/api-docs] onto method [springfox.documentation.swagger2.web.Swagger2Controller#getDocumentation(String, HttpServletRequest)]
2021-01-08 14:03:04.558 [main] INFO  o.a.c.w.s.factory.ReflectionServiceFactoryBean - Creating Service {http://webservice.business.mixpay.com}WebServiceDemoService from class com.example.zhw.webservice.WebServiceDemoService
2021-01-08 14:03:05.071 [main] INFO  org.apache.cxf.endpoint.ServerImpl - Setting the server's publish address to be /webservice
2021-01-08 14:03:05.242 [main] INFO  o.s.scheduling.concurrent.ThreadPoolTaskExecutor - Initializing ExecutorService 'applicationTaskExecutor'
2021-01-08 14:03:05.779 [main] INFO  s.d.s.web.plugins.DocumentationPluginsBootstrapper - Context refreshed
2021-01-08 14:03:05.800 [main] INFO  s.d.s.web.plugins.DocumentationPluginsBootstrapper - Found 1 custom documentation plugin(s)
2021-01-08 14:03:05.860 [main] INFO  s.d.spring.web.scanners.ApiListingReferenceScanner - Scanning for api listing references
2021-01-08 14:03:06.035 [main] INFO  s.d.s.w.r.operation.CachingOperationNameGenerator - Generating unique operation named: helloUsingGET_1
2021-01-08 14:03:06.108 [main] INFO  org.apache.coyote.http11.Http11NioProtocol - Starting ProtocolHandler ["http-nio-8080"]
2021-01-08 14:03:06.141 [main] INFO  o.s.boot.web.embedded.tomcat.TomcatWebServer - Tomcat started on port(s): 8080 (http) with context path ''
2021-01-08 14:03:06.146 [main] INFO  com.example.zhw.SpringMytatisApplication - Started SpringMytatisApplication in 8.473 seconds (JVM running for 9.89)
2021-01-08 14:03:06.355 [http-nio-8080-exec-1] INFO  o.a.c.core.ContainerBase.[Tomcat].[localhost].[/] - Initializing Spring DispatcherServlet 'dispatcherServlet'
2021-01-08 14:03:06.355 [http-nio-8080-exec-1] INFO  org.springframework.web.servlet.DispatcherServlet - Initializing Servlet 'dispatcherServlet'
2021-01-08 14:03:06.366 [http-nio-8080-exec-1] INFO  org.springframework.web.servlet.DispatcherServlet - Completed initialization in 10 ms
2021-01-08 14:09:34.926 [SpringContextShutdownHook] INFO  o.s.scheduling.concurrent.ThreadPoolTaskExecutor - Shutting down ExecutorService 'applicationTaskExecutor'
2021-01-08 14:09:34.960 [SpringContextShutdownHook] INFO  com.alibaba.druid.pool.DruidDataSource - {dataSource-1} closed
2021-01-08 14:09:45.089 [main] INFO  com.example.zhw.SpringMytatisApplication - Starting SpringMytatisApplication on RD-INTERNET2 with PID 1128 (D:\zhangwei\github\springlearn\spring-mytatis\target\classes started by rd217 in D:\zhangwei\github\springlearn)
2021-01-08 14:09:45.094 [main] INFO  com.example.zhw.SpringMytatisApplication - The following profiles are active: dev
2021-01-08 14:09:46.568 [main] INFO  o.s.d.r.config.RepositoryConfigurationDelegate - Multiple Spring Data modules found, entering strict repository configuration mode!
2021-01-08 14:09:46.571 [main] INFO  o.s.d.r.config.RepositoryConfigurationDelegate - Bootstrapping Spring Data Redis repositories in DEFAULT mode.
2021-01-08 14:09:46.607 [main] INFO  o.s.d.r.config.RepositoryConfigurationDelegate - Finished Spring Data repository scanning in 14ms. Found 0 Redis repository interfaces.
2021-01-08 14:09:47.223 [main] INFO  o.s.c.s.PostProcessorRegistrationDelegate$BeanPostProcessorChecker - Bean 'org.springframework.ws.config.annotation.DelegatingWsConfiguration' of type [org.springframework.ws.config.annotation.DelegatingWsConfiguration$$EnhancerBySpringCGLIB$$fdca5380] is not eligible for getting processed by all BeanPostProcessors (for example: not eligible for auto-proxying)
2021-01-08 14:09:47.280 [main] INFO  o.s.w.s.a.server.AnnotationActionEndpointMapping - Supporting [WS-Addressing August 2004, WS-Addressing 1.0]
2021-01-08 14:09:47.303 [main] INFO  o.s.c.s.PostProcessorRegistrationDelegate$BeanPostProcessorChecker - Bean 'redisConfig' of type [com.example.zhw.config.RedisConfig$$EnhancerBySpringCGLIB$$2beef9ad] is not eligible for getting processed by all BeanPostProcessors (for example: not eligible for auto-proxying)
2021-01-08 14:09:47.724 [main] INFO  o.s.boot.web.embedded.tomcat.TomcatWebServer - Tomcat initialized with port(s): 8080 (http)
2021-01-08 14:09:47.812 [main] INFO  org.apache.coyote.http11.Http11NioProtocol - Initializing ProtocolHandler ["http-nio-8080"]
2021-01-08 14:09:47.813 [main] INFO  org.apache.catalina.core.StandardService - Starting service [Tomcat]
2021-01-08 14:09:47.813 [main] INFO  org.apache.catalina.core.StandardEngine - Starting Servlet engine: [Apache Tomcat/9.0.33]
2021-01-08 14:09:47.954 [main] INFO  o.a.c.core.ContainerBase.[Tomcat].[localhost].[/] - Initializing Spring embedded WebApplicationContext
2021-01-08 14:09:47.954 [main] INFO  org.springframework.web.context.ContextLoader - Root WebApplicationContext: initialization completed in 2799 ms
2021-01-08 14:09:48.121 [main] INFO  o.s.boot.web.servlet.RegistrationBean - Servlet statViewServlet was not registered (possibly already registered?)
2021-01-08 14:09:48.127 [main] INFO  o.s.boot.web.servlet.RegistrationBean - Filter webStatFilter was not registered (possibly already registered?)
2021-01-08 14:09:49.601 [main] INFO  com.alibaba.druid.pool.DruidDataSource - {dataSource-1,zhw} inited
2021-01-08 14:09:49.606 [main] INFO  com.alibaba.druid.pool.DruidDataSource - {dataSource-1} closed
2021-01-08 14:09:49.611 [main] INFO  org.apache.catalina.core.StandardService - Stopping service [Tomcat]
2021-01-08 14:09:49.629 [main] INFO  o.s.b.a.l.ConditionEvaluationReportLoggingListener - 

Error starting ApplicationContext. To display the conditions report re-run your application with 'debug' enabled.
2021-01-08 14:14:22.952 [main] INFO  com.example.zhw.SpringMytatisApplication - Starting SpringMytatisApplication on RD-INTERNET2 with PID 18780 (D:\zhangwei\github\springlearn\spring-mytatis\target\classes started by rd217 in D:\zhangwei\github\springlearn)
2021-01-08 14:14:22.958 [main] INFO  com.example.zhw.SpringMytatisApplication - The following profiles are active: dev
2021-01-08 14:14:24.366 [main] INFO  o.s.d.r.config.RepositoryConfigurationDelegate - Multiple Spring Data modules found, entering strict repository configuration mode!
2021-01-08 14:14:24.370 [main] INFO  o.s.d.r.config.RepositoryConfigurationDelegate - Bootstrapping Spring Data Redis repositories in DEFAULT mode.
2021-01-08 14:14:24.406 [main] INFO  o.s.d.r.config.RepositoryConfigurationDelegate - Finished Spring Data repository scanning in 14ms. Found 0 Redis repository interfaces.
2021-01-08 14:14:24.920 [main] INFO  o.s.c.s.PostProcessorRegistrationDelegate$BeanPostProcessorChecker - Bean 'org.springframework.ws.config.annotation.DelegatingWsConfiguration' of type [org.springframework.ws.config.annotation.DelegatingWsConfiguration$$EnhancerBySpringCGLIB$$290d376b] is not eligible for getting processed by all BeanPostProcessors (for example: not eligible for auto-proxying)
2021-01-08 14:14:24.976 [main] INFO  o.s.w.s.a.server.AnnotationActionEndpointMapping - Supporting [WS-Addressing August 2004, WS-Addressing 1.0]
2021-01-08 14:14:24.999 [main] INFO  o.s.c.s.PostProcessorRegistrationDelegate$BeanPostProcessorChecker - Bean 'redisConfig' of type [com.example.zhw.config.RedisConfig$$EnhancerBySpringCGLIB$$5731dd98] is not eligible for getting processed by all BeanPostProcessors (for example: not eligible for auto-proxying)
2021-01-08 14:14:25.438 [main] INFO  o.s.boot.web.embedded.tomcat.TomcatWebServer - Tomcat initialized with port(s): 8080 (http)
2021-01-08 14:14:25.453 [main] INFO  org.apache.coyote.http11.Http11NioProtocol - Initializing ProtocolHandler ["http-nio-8080"]
2021-01-08 14:14:25.454 [main] INFO  org.apache.catalina.core.StandardService - Starting service [Tomcat]
2021-01-08 14:14:25.454 [main] INFO  org.apache.catalina.core.StandardEngine - Starting Servlet engine: [Apache Tomcat/9.0.33]
2021-01-08 14:14:25.770 [main] INFO  o.a.c.core.ContainerBase.[Tomcat].[localhost].[/] - Initializing Spring embedded WebApplicationContext
2021-01-08 14:14:25.770 [main] INFO  org.springframework.web.context.ContextLoader - Root WebApplicationContext: initialization completed in 2745 ms
2021-01-08 14:14:25.942 [main] INFO  o.s.boot.web.servlet.RegistrationBean - Servlet statViewServlet was not registered (possibly already registered?)
2021-01-08 14:14:25.949 [main] INFO  o.s.boot.web.servlet.RegistrationBean - Filter webStatFilter was not registered (possibly already registered?)
2021-01-08 14:14:27.007 [main] INFO  com.alibaba.druid.pool.DruidDataSource - {dataSource-1,zhw} inited
2021-01-08 14:14:28.052 [main] INFO  s.d.s.w.PropertySourcedRequestMappingHandlerMapping - Mapped URL path [/v2/api-docs] onto method [springfox.documentation.swagger2.web.Swagger2Controller#getDocumentation(String, HttpServletRequest)]
2021-01-08 14:14:28.255 [main] INFO  o.a.c.w.s.factory.ReflectionServiceFactoryBean - Creating Service {http://webservice.business.mixpay.com}WebServiceDemoService from class com.example.zhw.webservice.WebServiceDemoService
2021-01-08 14:14:28.756 [main] INFO  org.apache.cxf.endpoint.ServerImpl - Setting the server's publish address to be /webservice
2021-01-08 14:14:28.919 [main] INFO  o.s.scheduling.concurrent.ThreadPoolTaskExecutor - Initializing ExecutorService 'applicationTaskExecutor'
2021-01-08 14:14:29.449 [main] INFO  s.d.s.web.plugins.DocumentationPluginsBootstrapper - Context refreshed
2021-01-08 14:14:29.473 [main] INFO  s.d.s.web.plugins.DocumentationPluginsBootstrapper - Found 1 custom documentation plugin(s)
2021-01-08 14:14:29.543 [main] INFO  s.d.spring.web.scanners.ApiListingReferenceScanner - Scanning for api listing references
2021-01-08 14:14:29.679 [main] INFO  s.d.s.w.r.operation.CachingOperationNameGenerator - Generating unique operation named: helloUsingGET_1
2021-01-08 14:14:29.753 [main] INFO  org.apache.coyote.http11.Http11NioProtocol - Starting ProtocolHandler ["http-nio-8080"]
2021-01-08 14:14:29.861 [main] INFO  o.s.boot.web.embedded.tomcat.TomcatWebServer - Tomcat started on port(s): 8080 (http) with context path ''
2021-01-08 14:14:29.866 [main] INFO  com.example.zhw.SpringMytatisApplication - Started SpringMytatisApplication in 8.441 seconds (JVM running for 9.47)
2021-01-08 14:14:30.139 [http-nio-8080-exec-1] INFO  o.a.c.core.ContainerBase.[Tomcat].[localhost].[/] - Initializing Spring DispatcherServlet 'dispatcherServlet'
2021-01-08 14:14:30.140 [http-nio-8080-exec-1] INFO  org.springframework.web.servlet.DispatcherServlet - Initializing Servlet 'dispatcherServlet'
2021-01-08 14:14:30.151 [http-nio-8080-exec-1] INFO  org.springframework.web.servlet.DispatcherServlet - Completed initialization in 11 ms
